{
  "stats": {
    "suites": 1,
    "tests": 3,
    "passes": 3,
    "pending": 0,
    "failures": 0,
    "start": "2026-07-16T09:22:04.761Z",
    "end": "2026-07-16T09:23:12.853Z",
    "duration": 68092,
    "testsRegistered": 3,
    "passPercent": 100,
    "pendingPercent": 0,
    "other": 0,
    "hasOther": false,
    "skipped": 0,
    "hasSkipped": false
  },
  "results": [
    {
      "uuid": "94e797de-0f24-4e03-9a40-9b43a5a3f1f6",
      "title": "",
      "fullFile": "cypress/e2e/lnv/scfRepayment/repaymentBackdate.cy.js",
      "file": "cypress/e2e/lnv/scfRepayment/repaymentBackdate.cy.js",
      "beforeHooks": [],
      "afterHooks": [],
      "tests": [],
      "suites": [
        {
          "uuid": "1c985107-7729-431a-b0f0-f0a11969a272",
          "title": "SCF Backdate Repayment - Full Flow",
          "fullFile": "",
          "file": "",
          "beforeHooks": [],
          "afterHooks": [],
          "tests": [
            {
              "title": "Step 1: Create Drawdown TermLoan & Activate",
              "fullTitle": "SCF Backdate Repayment - Full Flow Step 1: Create Drawdown TermLoan & Activate",
              "timedOut": null,
              "duration": 2275,
              "state": "passed",
              "speed": "fast",
              "pass": true,
              "fail": false,
              "pending": false,
              "context": null,
              "code": "expect(testData, 'Test data should be loaded').to.not.be.undefined;\nconst timestamp = Date.now();\nconst thaiId = generateThaiId();\nconst createTermLoan = testData.CreateTermLoan;\nconst createReqBody = {\n  \"transaction_owner_id\": \"API0002\",\n  \"channel\": \"API\",\n  \"product_id\": 3,\n  \"sub_product_id\": 3,\n  \"registration_id\": thaiId,\n  \"tax_id\": thaiId,\n  \"mobile_no\": \"0970734476\",\n  \"email_address\": \"poovanad.mun@thinkerfint.com\",\n  \"line_id\": \"_Pavin_\",\n  \"landline_phone_no\": \"029282712\",\n  \"landline_phone_no_ext\": \"001,099\",\n  \"first_name_th\": `ถูกหวย${timestamp}`,\n  \"last_name_th\": `แสนล้าน${timestamp}`,\n  \"first_name_en\": `tookhua${timestamp}`,\n  \"last_name_en\": `Saenlan${timestamp}`,\n  \"customer_contract_age\": 23,\n  \"title_id\": 8,\n  \"date_of_birth\": \"03/02/2003\",\n  \"gender_id\": 2,\n  \"nationality_id\": 1,\n  \"nationality_description\": \"nationality_description\",\n  \"place_of_birth\": \"ชลบุรี\",\n  \"marital_status_id\": 2,\n  \"occupation_id\": 13,\n  \"occupation_description\": \"occupation_description\",\n  \"profession_id\": 1,\n  \"profession_description\": \"ร้านโชห่วย\",\n  \"business_code\": \"009010299\",\n  \"biometric_type\": \"\",\n  \"biometric_format\": \"\",\n  \"biometric_data\": \"\",\n  \"source_of_income_country_id\": 1,\n  \"source_of_income_id\": 1,\n  \"monthly_income\": 100000.00,\n  \"other_income\": 50000.00,\n  \"country_id\": 1,\n  \"education_id\": 3,\n  \"residential_id\": 4,\n  \"customer_consent_no\": \"b4882238-65e6-472d-8c02-32a0c112a239\",\n  \"customer_consent_time\": \"2024-10-15T07:00:51.793709Z\",\n  \"contract_content_no\": \"3cb706b5-ae90-4c45-9208-41d0c3cf4ebd\",\n  \"contract_content_data\": \"https://uat-apigw.lendocraft.com/uat/v1/dms/documents/file/3cb706b5-ae90-4c45-9208-41d0c3cf4ebd\",\n  \"contract_signed_time\": \"2024-10-16T12:37:12Z\",\n  \"contract_document_no\": \"6e313875-8ef8-4f14-a34b-97023fadc5bd\",\n  \"contract_document_data\": \"https://uat-apigw.lendocraft.com/uat/v1/dms/documents/file/6e313875-8ef8-4f14-a34b-97023fadc5bd\",\n  \"ip_id\": \"1\",\n  \"customer_address\": [{\n    \"address_type_id\": 1,\n    \"province_id\": 9,\n    \"district_id\": 154,\n    \"sub_district_id\": 971,\n    \"address_no\": \"872/ก21\",\n    \"road\": \"สุขุมวิท333\",\n    \"moo\": \"4\",\n    \"trok\": \"โรงหมู\",\n    \"soi\": \"พานทอง21ก\",\n    \"village_name\": \"เสริมสุข\",\n    \"building_name\": \"A\",\n    \"floor_no\": \"31\",\n    \"zip_code_id\": 1003,\n    \"address_line1\": \"\",\n    \"address_line2\": \"\"\n  }, {\n    \"address_type_id\": 2,\n    \"province_id\": 9,\n    \"district_id\": 154,\n    \"sub_district_id\": 971,\n    \"address_no\": \"11/11\",\n    \"road\": \"สุขุมวิท333\",\n    \"moo\": \"4\",\n    \"trok\": \"โรงหมู\",\n    \"soi\": \"พานทอง21ก\",\n    \"village_name\": \"เสริมสุข\",\n    \"building_name\": \"B\",\n    \"floor_no\": \"4\",\n    \"zip_code_id\": 1003,\n    \"address_line1\": \"\",\n    \"address_line2\": \"\"\n  }, {\n    \"address_type_id\": 3,\n    \"province_id\": 9,\n    \"district_id\": 154,\n    \"sub_district_id\": 971,\n    \"address_no\": \"118/90\",\n    \"road\": \"สุขุมวิท333\",\n    \"moo\": \"4\",\n    \"trok\": \"โรงหมู\",\n    \"soi\": \"พานทอง21ก\",\n    \"village_name\": \"เสริมสุข\",\n    \"building_name\": \"C\",\n    \"floor_no\": \"18\",\n    \"zip_code_id\": 1003,\n    \"address_line1\": \"\",\n    \"address_line2\": \"\"\n  }],\n  \"customer_document\": [{\n    \"document_type\": \"ID Card\",\n    \"doucment_ref_no\": \"DCCIF1023948576\",\n    \"document_country_id\": 1,\n    \"document_issue_date\": \"25/01/2021\",\n    \"document_expiry_date\": \"25/01/2025\"\n  }],\n  \"customer_loan_account\": {\n    \"address_type_id\": 1,\n    \"bank_account_no\": \"6091000820\",\n    \"bank_account_name\": \"นายถูกหวย แสนล้าน\",\n    \"bank_account_bot_bank_code\": \"004\",\n    \"bank_account_bot_bank_name\": \"ธนาคารกสิกรไทย\",\n    \"enable_debit_bank_account\": true,\n    \"contact_name\": \"นายถูกหวย แสนล้าน\",\n    \"mobile_no\": \"0970734476\",\n    \"email_address\": \"poovanad.mun@thinkerfint.com\",\n    \"line_id\": \"_Pavin_\",\n    \"landing_phone_no\": \"029282712-001\",\n    \"loan_purpose_id\": 1,\n    \"application_id\": 999\n  },\n  \"customer_credit_limit\": [{\n    \"index_no\": 1,\n    \"credit_limit_type\": \"Revolving\",\n    \"limit_reference_id\": 1,\n    \"reference_type\": \"Customer\",\n    \"reference_id\": \"0\",\n    \"parent_index\": null,\n    \"level\": 1,\n    \"supplier_branch_id\": null,\n    \"currency_code\": \"THB\",\n    \"original_limit_amount\": 100000.00,\n    \"standard_interest_rate_type\": \"FIXED\",\n    \"floating_interest_rate_type\": \"MRR\",\n    \"floating_spread\": 7.0,\n    \"fixed_interest_rate\": 5.38271\n  }, {\n    \"index_no\": 2,\n    \"credit_limit_type\": \"Non-Revolving\",\n    \"limit_reference_id\": 3,\n    \"reference_type\": \"Product\",\n    \"reference_id\": \"3\",\n    \"parent_index\": 1,\n    \"level\": 2,\n    \"supplier_branch_id\": null,\n    \"currency_code\": \"THB\",\n    \"original_limit_amount\": 80000.00,\n    \"standard_interest_rate_type\": \"FIXED\",\n    \"floating_interest_rate_type\": \"MRR\",\n    \"floating_spread\": 12.36432,\n    \"fixed_interest_rate\": 1.36432\n  }, {\n    \"index_no\": 3,\n    \"credit_limit_type\": \"Non-Revolving\",\n    \"limit_reference_id\": 4,\n    \"reference_type\": \"Sponsor\",\n    \"reference_id\": \"3\",\n    \"parent_index\": 2,\n    \"level\": 3,\n    \"supplier_branch_id\": null,\n    \"currency_code\": \"THB\",\n    \"original_limit_amount\": 50000.00,\n    \"standard_interest_rate_type\": \"FIXED\",\n    \"floating_interest_rate_type\": \"MRR\",\n    \"floating_spread\": 12.0,\n    \"fixed_interest_rate\": 3.36432\n  }, {\n    \"index_no\": 4,\n    \"credit_limit_type\": \"Non-Revolving\",\n    \"limit_reference_id\": 4,\n    \"reference_type\": \"Supplier\",\n    \"reference_id\": \"90001104\",\n    \"parent_index\": 3,\n    \"level\": 4,\n    \"supplier_branch_id\": 3629,\n    \"currency_code\": \"THB\",\n    \"original_limit_amount\": 50000.00,\n    \"standard_interest_rate_type\": \"FIXED\",\n    \"floating_interest_rate_type\": \"MRR\",\n    \"floating_spread\": 25.00000,\n    \"fixed_interest_rate\": 18.7\n  }],\n  \"loan_samsung_detail\": {\n    \"due_day\": createTermLoan.due_day,\n    \"tenor_in_months\": createTermLoan.tenor_in_months,\n    \"interest_per_year\": createTermLoan.interest_per_year,\n    \"total_loan_amount\": createTermLoan.total_loan_amount,\n    \"emi_amount\": 4650.18,\n    \"total_item_count\": 1,\n    \"total_item_price\": createTermLoan.total_item_price,\n    \"total_down_payment\": 0.00,\n    \"total_processing_fee\": createTermLoan.total_processing_fee,\n    \"contact_date\": createTermLoan.contact_date,\n    \"sourcing_program\": \"string\",\n    \"line_items\": [{\n      \"item_description\": \"Samsung Galaxy A55 8/128GB\",\n      \"item_name\": \"Samsung Galaxy A55\",\n      \"item_code\": \"SM-A556E128GB\",\n      \"item_color\": \"Blue\",\n      \"imei_number\": \"356938035643809\",\n      \"serial_number\": \"SN1234567890\",\n      \"product_type\": \"smartphone\",\n      \"item_price\": 40000.00,\n      \"item_down_payment\": 10000.00,\n      \"item_loan_amount\": 30000.00,\n      \"item_type\": \"device\"\n    }, {\n      \"item_description\": \"2Samsung Galaxy A55 8/128GB\",\n      \"item_name\": \"2Samsung Galaxy A55\",\n      \"item_code\": \"2SM-A556E128GB\",\n      \"item_color\": \"2Blue\",\n      \"imei_number\": \"2356938035643809\",\n      \"serial_number\": \"2SN1234567890\",\n      \"product_type\": \"accessory\",\n      \"item_price\": 15000.00,\n      \"item_down_payment\": 0.00,\n      \"item_loan_amount\": 15000.00,\n      \"item_type\": \"accessory\"\n    }, {\n      \"item_description\": \"3Samsung Galaxy A55 8/128GB\",\n      \"item_name\": \"3Samsung Galaxy A55\",\n      \"item_code\": \"3SM-A556E128GB\",\n      \"item_color\": \"3Blue\",\n      \"imei_number\": \"3356938035643809\",\n      \"serial_number\": \"3SN1234567890\",\n      \"product_type\": \"warranty\",\n      \"item_price\": 5000.00,\n      \"item_down_payment\": 0.00,\n      \"item_loan_amount\": 5000.00,\n      \"item_type\": \"warranty\"\n    }]\n  }\n};\ncy.log('Step 1a: Create Drawdown TermLoan');\ncy.log('Request:', JSON.stringify(createReqBody));\napi.setReqMethod('POST').setReqEndpoint(`https://uat-lms-portal.lendocraft.com/api/customer/term-loan/create`).setReqHeaders().setReqBody(createReqBody).sendRequest('createDrawdownResponse');\ncy.get('@createDrawdownResponse').then(res => {\n  cy.log('Create Drawdown Response:', JSON.stringify(res.body));\n  expect(res.status).to.eq(200);\n  expect(res.body.response_code).to.eq(0);\n  cy.log('TermLoan created successfully');\n  // Step 1b: Activate TermLoan\n  cy.log('Step 1b: Activate TermLoan');\n  const activateBody = {\n    \"transaction_owner_id\": \"API0001\",\n    \"channel\": \"API\",\n    \"customer_id\": res.body.data.customer_id,\n    \"loan_account_id\": res.body.data.loan_account_id,\n    \"limit_effective_date\": \"11/12/2025\",\n    \"limit_expiry_date\": \"11/12/2028\"\n  };\n  api.setReqMethod('POST').setReqEndpoint(`https://uat-lms-portal.lendocraft.com/api/customer/term-loan/activate`).setReqHeaders().setReqBody(activateBody).sendRequest('activateResponse');\n  cy.get('@activateResponse').then(activateRes => {\n    cy.log('Activate Response:', JSON.stringify(activateRes.body));\n    expect(activateRes.status).to.eq(200);\n    expect(activateRes.body.response_code).to.eq(0);\n    // Get loan_contract_id, loan_account_id, customer_id from activate response\n    loanContractId = activateRes.body.data.loan_contract_id;\n    loanAccountId = activateRes.body.data.loan_account_id;\n    customerId = activateRes.body.data.customer_id;\n    cy.log('Customer ID:', customerId);\n    cy.log('Loan Account ID:', loanAccountId);\n    cy.log('Loan Contract ID:', loanContractId);\n    cy.log('TermLoan created and activated successfully');\n    // Step 1c: Update effective_date in loan_contract_no table\n    const contractDate = testData.CreateTermLoan.contact_date.replace('T', ' ').replace('+07:00', '');\n    const updateQuery = `UPDATE loan_contract_no SET effective_date='${contractDate}' WHERE loan_contract_id = '${loanContractId}'`;\n    cy.log('Update DB Query:', updateQuery);\n    cy.task('queryDbLNV', updateQuery).then(result => {\n      cy.log('DB Update Result:', JSON.stringify(result));\n      cy.log('loan_contract_no effective_date updated successfully');\n    });\n  });\n});",
              "err": {},
              "uuid": "cbbcfe11-7a24-4e46-8f0d-87082c7cd7dd",
              "parentUUID": "1c985107-7729-431a-b0f0-f0a11969a272",
              "isHook": false,
              "skipped": false
            },
            {
              "title": "Step 2: Calculate Interest & Repayment",
              "fullTitle": "SCF Backdate Repayment - Full Flow Step 2: Calculate Interest & Repayment",
              "timedOut": null,
              "duration": 65045,
              "state": "passed",
              "speed": "slow",
              "pass": true,
              "fail": false,
              "pending": false,
              "context": null,
              "code": "expect(loanContractId, 'Loan Contract ID should be available').to.not.be.undefined;\nconst calIntAndRepay = testData.CalIntAndRepay || [];\n// Process entries strictly sequentially using cy.then() chain\nfunction processEntry(index) {\n  if (index >= calIntAndRepay.length) return; // done\n  const entry = calIntAndRepay[index];\n  // CalInterest\n  if (entry.CalInterest) {\n    cy.log(`[Entry ${index + 1}] Calculate Interest`);\n    const calReqBody = {\n      loan_contract_id: loanContractId,\n      calculate_start_date: extractTemplateValue(entry.CalInterest.reqBody.calculate_start_date),\n      calculate_end_date: extractTemplateValue(entry.CalInterest.reqBody.calculate_end_date)\n    };\n    cy.log('Cal Interest Request:', JSON.stringify(calReqBody));\n    api.setReqMethod('POST').setReqEndpoint(`https://uat-lms-portal.lendocraft.com/api/term-loan/test-interest-cal`).setReqHeadersWithAuth('en_US', makerToken).setReqBody(calReqBody).sendRequest(`calInterest_${index}`);\n    cy.get(`@calInterest_${index}`).then(res => {\n      cy.log(`[Entry ${index + 1}] Cal Interest Response:`, JSON.stringify(res.body));\n      expect(res.status).to.eq(200);\n      expect(res.body.response_code).to.eq(0);\n    });\n    // Wait 30 sec for background calculation to complete\n    cy.wait(30000);\n    // Verify interest calculation in DB\n    // if (entry.CalInterest.expect_result) {\n    //   const expectedPeriod = entry.CalInterest.expect_result.Period;\n    //   const expectedBfInterest = entry.CalInterest.expect_result.bf_interest;\n    //   const expectedDay = entry.CalInterest.expect_result.day;\n    //   const query = `SELECT i.bf_interest, i.day FROM installment_balance i WHERE i.period = ${expectedPeriod} AND i.loan_contract_id = '${loanContractId}'`;\n    //   cy.log('Verify Interest Query:', query);\n    //   cy.task('queryDbLNV', query).then((rows) => {\n    //     expect(rows).to.be.an('array');\n    //     expect(rows.length).to.be.greaterThan(0, 'Should find installment_balance record');\n    //     const row = rows[0];\n    //     cy.log('DB Interest Record:', JSON.stringify(row));\n    //     expect(parseFloat(row.bf_interest)).to.be.closeTo(expectedBfInterest, 0.01,\n    //       `bf_interest should match expected ${expectedBfInterest}`);\n    //     expect(parseInt(row.day)).to.eq(expectedDay,\n    //       `day should match expected ${expectedDay}`);\n    //     cy.log(`[Entry ${index + 1}] Interest verification passed ✓`);\n    //   });\n    // }\n    // Then move to next entry\n    cy.then(() => processEntry(index + 1));\n  }\n  // Repayment\n  else if (entry.Repayment) {\n    cy.log(`[Entry ${index + 1}] Create & Confirm Repayment`);\n    const repaymentAmount = entry.Repayment.reqBody.repayment_amount;\n    const repaymentDate = entry.Repayment.reqBody.repayment_date;\n    const paymentDate = repaymentDate.replace('T', ' ').replace(/\\+.*$/, '');\n    const repayReqBody = {\n      transaction_owner_id: \"API0002\",\n      channel: \"API\",\n      customer_id: customerId,\n      loan_account_id: loanAccountId,\n      loan_contract_id: loanContractId,\n      request_amount: repaymentAmount\n    };\n    cy.log('Create Repayment Request:', JSON.stringify(repayReqBody));\n    api.setReqMethod('POST').setReqEndpoint(`https://uat-lms-portal.lendocraft.com/api/repayment/term-loan/create`).setReqHeaders().setReqBody(repayReqBody).sendRequest(`createRepay_${index}`);\n    cy.get(`@createRepay_${index}`).then(repayRes => {\n      cy.log(`[Entry ${index + 1}] Create Repayment Response:`, JSON.stringify(repayRes.body));\n      expect(repayRes.status).to.eq(200);\n      expect(repayRes.body.response_code).to.eq(0);\n      const repayOrderId = repayRes.body.data.order_no;\n      // Confirm Repayment\n      const confirmBody = {\n        order_id: repayOrderId,\n        invoice_no: repayOrderId,\n        payment_amount: repaymentAmount,\n        payment_date: paymentDate,\n        payment_channel: \"ThaiQR\"\n      };\n      api.setReqMethod('POST').setReqEndpoint(`https://uat-lms-portal.lendocraft.com/api/repayment/term-loan/test-confirm`).setReqHeadersWithAuth('en_US', makerToken).setReqBody(confirmBody).sendRequest(`confirmRepay_${index}`);\n      cy.get(`@confirmRepay_${index}`).then(confirmRes => {\n        cy.log(`[Entry ${index + 1}] Confirm Response:`, JSON.stringify(confirmRes.body));\n        expect(confirmRes.status).to.eq(200);\n        expect(confirmRes.body.response_code).to.eq(0);\n      });\n    });\n    // Then move to next entry after confirm completes\n    cy.then(() => processEntry(index + 1));\n  }\n}\n// Start processing from first entry\nprocessEntry(0);",
              "err": {},
              "uuid": "ac2f3569-2426-445a-99ab-7e0c0ca4be08",
              "parentUUID": "1c985107-7729-431a-b0f0-f0a11969a272",
              "isHook": false,
              "skipped": false
            },
            {
              "title": "Step 10: Verify Installment Balance Data",
              "fullTitle": "SCF Backdate Repayment - Full Flow Step 10: Verify Installment Balance Data",
              "timedOut": null,
              "duration": 412,
              "state": "passed",
              "speed": "fast",
              "pass": true,
              "fail": false,
              "pending": false,
              "context": null,
              "code": "expect(loanContractId, 'Loan Contract ID should be available').to.not.be.undefined;\nconst expectedResults = testData.SCF.expect_result;\nexpect(expectedResults, 'expect_result should be defined').to.be.an('array').and.not.be.empty;\nconst query = `SELECT i.period, i.contract_emi, i.bf_interest, i.bf_principal, i.cf_principal_balance, i.display_interest_until_due_date, i.display_principal_until_due_date FROM installment_balance i WHERE i.loan_contract_id = '${loanContractId}' AND period <> 0  ORDER BY period`;\ncy.log('Installment Balance Query:', query);\ncy.task('queryDbLNV', query).then(rows => {\n  expect(rows).to.be.an('array');\n  expect(rows.length).to.eq(expectedResults.length, `Should have ${expectedResults.length} periods`);\n  expectedResults.forEach(expected => {\n    const row = rows.find(r => parseInt(r.period) === expected.Period);\n    expect(row, `Period ${expected.Period} should exist in DB`).to.not.be.undefined;\n    cy.log(`--- Period ${expected.Period} ---`);\n    // contract_emi\n    expect(parseFloat(row.contract_emi)).to.be.closeTo(expected.contract_emi, 0.01, `Period ${expected.Period}: contract_emi mismatch`);\n    // // bf_interest\n    // expect(parseFloat(row.bf_interest)).to.be.closeTo(expected.bf_interest, 0.01,\n    //   `Period ${expected.Period}: bf_interest mismatch`);\n    // // bf_principal\n    // expect(parseFloat(row.bf_principal)).to.be.closeTo(expected.bf_principal, 0.01,\n    //   `Period ${expected.Period}: bf_principal mismatch`);\n    // // cf_principal_balance\n    // expect(parseFloat(row.cf_principal_balance)).to.be.closeTo(expected.cf_pricipal_balance, 0.01,\n    //   `Period ${expected.Period}: cf_principal_balance mismatch`);\n    // display_interest_until_due_date\n    expect(parseFloat(row.display_interest_until_due_date)).to.be.closeTo(expected.display_interst, 0.01, `Period ${expected.Period}: display_interest mismatch`);\n    // display_principal_until_due_date\n    expect(parseFloat(row.display_principal_until_due_date)).to.be.closeTo(expected.display_principal, 0.01, `Period ${expected.Period}: display_principal mismatch`);\n    cy.log(`Period ${expected.Period}: ✓ All values match`);\n  });\n  cy.log('All installment balance periods verified successfully ✓');\n});",
              "err": {},
              "uuid": "b96b8dc2-a6ca-4857-813d-4382277d0af4",
              "parentUUID": "1c985107-7729-431a-b0f0-f0a11969a272",
              "isHook": false,
              "skipped": false
            }
          ],
          "suites": [],
          "passes": [
            "cbbcfe11-7a24-4e46-8f0d-87082c7cd7dd",
            "ac2f3569-2426-445a-99ab-7e0c0ca4be08",
            "b96b8dc2-a6ca-4857-813d-4382277d0af4"
          ],
          "failures": [],
          "pending": [],
          "skipped": [],
          "duration": 67732,
          "root": false,
          "rootEmpty": false,
          "_timeout": 2000
        }
      ],
      "passes": [],
      "failures": [],
      "pending": [],
      "skipped": [],
      "duration": 0,
      "root": true,
      "rootEmpty": true,
      "_timeout": 2000
    }
  ],
  "meta": {
    "mocha": {
      "version": "7.2.0"
    },
    "mochawesome": {
      "options": {
        "quiet": false,
        "reportFilename": "mochawesome",
        "saveHtml": false,
        "saveJson": true,
        "consoleReporter": "spec",
        "useInlineDiffs": false,
        "code": true
      },
      "version": "7.1.4"
    },
    "marge": {
      "options": {
        "reportDir": "cypress/reports",
        "overwrite": false,
        "html": false,
        "json": true
      },
      "version": "6.3.2"
    }
  }
}