{
  "stats": {
    "suites": 1,
    "tests": 2,
    "passes": 1,
    "pending": 0,
    "failures": 1,
    "start": "2026-07-03T07:18:46.578Z",
    "end": "2026-07-03T07:18:46.988Z",
    "duration": 410,
    "testsRegistered": 2,
    "passPercent": 50,
    "pendingPercent": 0,
    "other": 0,
    "hasOther": false,
    "skipped": 0,
    "hasSkipped": false
  },
  "results": [
    {
      "uuid": "669211a8-1af2-4669-8d43-dcd6dc140a10",
      "title": "",
      "fullFile": "cypress/e2e/lnv/connectionTest.cy.js",
      "file": "cypress/e2e/lnv/connectionTest.cy.js",
      "beforeHooks": [],
      "afterHooks": [],
      "tests": [],
      "suites": [
        {
          "uuid": "74389373-1c9c-4216-b860-fb0b7b8cdd53",
          "title": "LNV Database Connection Tests (PostgreSQL)",
          "fullFile": "",
          "file": "",
          "beforeHooks": [],
          "afterHooks": [],
          "tests": [
            {
              "title": "should connect to DB LNV and query successfully",
              "fullTitle": "LNV Database Connection Tests (PostgreSQL) should connect to DB LNV and query successfully",
              "timedOut": null,
              "duration": 255,
              "state": "failed",
              "speed": null,
              "pass": false,
              "fail": true,
              "pending": false,
              "context": null,
              "code": "const query = `SELECT table_name FROM information_schema.tables WHERE table_schema = 'lmsdb-pg-uat-01-matcha' LIMIT 5`;\ncy.task('queryDbLNV', query).then(rows => {\n  expect(rows).to.be.an('array');\n  cy.log('Tables found:', rows.length);\n  rows.forEach((row, index) => {\n    cy.log(`Table ${index}: ${row.table_name}`);\n  });\n});",
              "err": {
                "message": "CypressError: `cy.task('queryDbLNV')` failed with the following error:\n\n> AggregateError\n\nhttps://on.cypress.io/api/task",
                "estack": "CypressError: `cy.task('queryDbLNV')` failed with the following error:\n\n> AggregateError\n\nhttps://on.cypress.io/api/task\n    at <unknown> (http://localhost:54505/__cypress/runner/cypress_runner.js:139770:70)\n    at tryCatcher (http://localhost:54505/__cypress/runner/cypress_runner.js:1777:23)\n    at Promise._settlePromiseFromHandler (http://localhost:54505/__cypress/runner/cypress_runner.js:1489:31)\n    at Promise._settlePromise (http://localhost:54505/__cypress/runner/cypress_runner.js:1546:18)\n    at Promise._settlePromise0 (http://localhost:54505/__cypress/runner/cypress_runner.js:1591:10)\n    at Promise._settlePromises (http://localhost:54505/__cypress/runner/cypress_runner.js:1667:18)\n    at _drainQueueStep (http://localhost:54505/__cypress/runner/cypress_runner.js:2377:12)\n    at _drainQueue (http://localhost:54505/__cypress/runner/cypress_runner.js:2370:9)\n    at Async._drainQueues (http://localhost:54505/__cypress/runner/cypress_runner.js:2386:5)\n    at Async.drainQueues (http://localhost:54505/__cypress/runner/cypress_runner.js:2256:14)\nFrom Your Spec Code:\n    at Context.eval (webpack://automated-test/./cypress/e2e/lnv/connectionTest.cy.js:6:7)\n\nFrom Node.js Internals:\n  AggregateError [ECONNREFUSED]: \n      at internalConnectMultiple (node:net:1134:18)\n      at afterConnectMultiple (node:net:1715:7)",
                "diff": null
              },
              "uuid": "bbd0f7e6-632f-43c2-870c-b888aa05b5ce",
              "parentUUID": "74389373-1c9c-4216-b860-fb0b7b8cdd53",
              "isHook": false,
              "skipped": false
            },
            {
              "title": "should verify LNV environment configuration",
              "fullTitle": "LNV Database Connection Tests (PostgreSQL) should verify LNV environment configuration",
              "timedOut": null,
              "duration": 19,
              "state": "passed",
              "speed": "fast",
              "pass": true,
              "fail": false,
              "pending": false,
              "context": null,
              "code": "cy.log('Environment:', Cypress.env('ENV_CONFIG'));\ncy.log('Endpoint:', Cypress.env('endPoint'));\nexpect(Cypress.env('endPoint')).to.be.a('string');",
              "err": {},
              "uuid": "f31cc436-6850-499a-93e0-5f142b9b7357",
              "parentUUID": "74389373-1c9c-4216-b860-fb0b7b8cdd53",
              "isHook": false,
              "skipped": false
            }
          ],
          "suites": [],
          "passes": [
            "f31cc436-6850-499a-93e0-5f142b9b7357"
          ],
          "failures": [
            "bbd0f7e6-632f-43c2-870c-b888aa05b5ce"
          ],
          "pending": [],
          "skipped": [],
          "duration": 274,
          "root": false,
          "rootEmpty": false,
          "_timeout": 2000
        }
      ],
      "passes": [],
      "failures": [],
      "pending": [],
      "skipped": [],
      "duration": 0,
      "root": true,
      "rootEmpty": true,
      "_timeout": 2000
    }
  ],
  "meta": {
    "mocha": {
      "version": "7.2.0"
    },
    "mochawesome": {
      "options": {
        "quiet": false,
        "reportFilename": "mochawesome",
        "saveHtml": false,
        "saveJson": true,
        "consoleReporter": "spec",
        "useInlineDiffs": false,
        "code": true
      },
      "version": "7.1.4"
    },
    "marge": {
      "options": {
        "reportDir": "cypress/reports",
        "overwrite": false,
        "html": false,
        "json": true
      },
      "version": "6.3.2"
    }
  }
}