{
  "stats": {
    "suites": 1,
    "tests": 7,
    "passes": 6,
    "pending": 0,
    "failures": 1,
    "start": "2026-07-03T07:53:40.201Z",
    "end": "2026-07-03T07:53:40.993Z",
    "duration": 792,
    "testsRegistered": 7,
    "passPercent": 85.71428571428571,
    "pendingPercent": 0,
    "other": 0,
    "hasOther": false,
    "skipped": 0,
    "hasSkipped": false
  },
  "results": [
    {
      "uuid": "d231ac93-34ee-4b85-ba62-2294cb6ebfd6",
      "title": "",
      "fullFile": "cypress/e2e/lnv/apiRepaymentTransactionList/checkValidateFields.cy.js",
      "file": "cypress/e2e/lnv/apiRepaymentTransactionList/checkValidateFields.cy.js",
      "beforeHooks": [],
      "afterHooks": [],
      "tests": [],
      "suites": [
        {
          "uuid": "3bcec916-686d-4b9f-93ef-9ad10aa19c23",
          "title": "Check validate fields of API repaymentTransactionList",
          "fullFile": "",
          "file": "",
          "beforeHooks": [],
          "afterHooks": [],
          "tests": [
            {
              "title": "Display response error when call api with empty body",
              "fullTitle": "Check validate fields of API repaymentTransactionList Display response error when call api with empty body",
              "timedOut": null,
              "duration": 81,
              "state": "passed",
              "speed": "fast",
              "pass": true,
              "fail": false,
              "pending": false,
              "context": null,
              "code": "cy.fixture('lnv/apiRepaymentTransactionList/reqBody/validateFields/emptyBody.json').then(reqBody => {\n  api.setReqMethod('POST').setReqEndpoint(`${endPoint}${apiPath}`).setReqHeaders().setReqBody(reqBody).sendRequest('response');\n  cy.get('@response').then(res => {\n    cy.log('Status:', res.status);\n    cy.log('Body:', JSON.stringify(res.body));\n    expect(res.status).to.be.oneOf([400, 422]);\n  });\n});",
              "err": {},
              "uuid": "0dfc90c8-516e-4140-9a88-30a69611a7e3",
              "parentUUID": "3bcec916-686d-4b9f-93ef-9ad10aa19c23",
              "isHook": false,
              "skipped": false
            },
            {
              "title": "Display response error when call api with transaction_owner_id is null",
              "fullTitle": "Check validate fields of API repaymentTransactionList Display response error when call api with transaction_owner_id is null",
              "timedOut": null,
              "duration": 64,
              "state": "passed",
              "speed": "fast",
              "pass": true,
              "fail": false,
              "pending": false,
              "context": null,
              "code": "cy.fixture('lnv/apiRepaymentTransactionList/reqBody/validateFields/transactionOwnerIdNull.json').then(reqBody => {\n  api.setReqMethod('POST').setReqEndpoint(`${endPoint}${apiPath}`).setReqHeaders().setReqBody(reqBody).sendRequest('response');\n  cy.get('@response').then(res => {\n    cy.log('Status:', res.status);\n    cy.log('Body:', JSON.stringify(res.body));\n    expect(res.status).to.be.oneOf([400, 422]);\n  });\n});",
              "err": {},
              "uuid": "75a7b99d-cb5d-4d0c-8414-dd3575eb33d1",
              "parentUUID": "3bcec916-686d-4b9f-93ef-9ad10aa19c23",
              "isHook": false,
              "skipped": false
            },
            {
              "title": "Display response error when call api with transaction_owner_id is empty string",
              "fullTitle": "Check validate fields of API repaymentTransactionList Display response error when call api with transaction_owner_id is empty string",
              "timedOut": null,
              "duration": 59,
              "state": "passed",
              "speed": "fast",
              "pass": true,
              "fail": false,
              "pending": false,
              "context": null,
              "code": "cy.fixture('lnv/apiRepaymentTransactionList/reqBody/validateFields/transactionOwnerIdEmpty.json').then(reqBody => {\n  api.setReqMethod('POST').setReqEndpoint(`${endPoint}${apiPath}`).setReqHeaders().setReqBody(reqBody).sendRequest('response');\n  cy.get('@response').then(res => {\n    cy.log('Status:', res.status);\n    cy.log('Body:', JSON.stringify(res.body));\n    expect(res.status).to.be.oneOf([400, 422]);\n  });\n});",
              "err": {},
              "uuid": "e6958904-9e84-4aab-8aca-b425c244e4fe",
              "parentUUID": "3bcec916-686d-4b9f-93ef-9ad10aa19c23",
              "isHook": false,
              "skipped": false
            },
            {
              "title": "Display response error when call api with channel is empty string",
              "fullTitle": "Check validate fields of API repaymentTransactionList Display response error when call api with channel is empty string",
              "timedOut": null,
              "duration": 118,
              "state": "passed",
              "speed": "fast",
              "pass": true,
              "fail": false,
              "pending": false,
              "context": null,
              "code": "cy.fixture('lnv/apiRepaymentTransactionList/reqBody/validateFields/channelEmpty.json').then(reqBody => {\n  api.setReqMethod('POST').setReqEndpoint(`${endPoint}${apiPath}`).setReqHeaders().setReqBody(reqBody).sendRequest('response');\n  cy.get('@response').then(res => {\n    cy.log('Status:', res.status);\n    cy.log('Body:', JSON.stringify(res.body));\n    expect(res.status).to.be.oneOf([400, 422]);\n  });\n});",
              "err": {},
              "uuid": "e9842795-0e05-4c56-a9b0-eab3a02915fa",
              "parentUUID": "3bcec916-686d-4b9f-93ef-9ad10aa19c23",
              "isHook": false,
              "skipped": false
            },
            {
              "title": "Display response error when call api with transaction_status is invalid",
              "fullTitle": "Check validate fields of API repaymentTransactionList Display response error when call api with transaction_status is invalid",
              "timedOut": null,
              "duration": 179,
              "state": "failed",
              "speed": null,
              "pass": false,
              "fail": true,
              "pending": false,
              "context": null,
              "code": "cy.fixture('lnv/apiRepaymentTransactionList/reqBody/validateFields/invalidTransactionStatus.json').then(reqBody => {\n  api.setReqMethod('POST').setReqEndpoint(`${endPoint}${apiPath}`).setReqHeaders().setReqBody(reqBody).sendRequest('response');\n  cy.get('@response').then(res => {\n    cy.log('Status:', res.status);\n    cy.log('Body:', JSON.stringify(res.body));\n    expect(res.status).to.be.oneOf([400, 422]);\n  });\n});",
              "err": {
                "message": "AssertionError: expected 200 to be one of [ 400, 422 ]",
                "estack": "AssertionError: expected 200 to be one of [ 400, 422 ]\n    at Context.eval (webpack://automated-test/./cypress/e2e/lnv/apiRepaymentTransactionList/checkValidateFields.cy.js:93:33)\n    at getRet (http://localhost:55088/__cypress/runner/cypress_runner.js:120444:20)\n    at tryCatcher (http://localhost:55088/__cypress/runner/cypress_runner.js:1777:23)\n    at Promise.attempt.Promise.try (http://localhost:55088/__cypress/runner/cypress_runner.js:4285:29)\n    at Context.thenFn (http://localhost:55088/__cypress/runner/cypress_runner.js:120455:66)\n    at Context.then (http://localhost:55088/__cypress/runner/cypress_runner.js:120706:21)",
                "diff": "- 200\n+ [ 400, 422 ]\n"
              },
              "uuid": "7fd65769-909a-43fb-871e-94e7737e89ab",
              "parentUUID": "3bcec916-686d-4b9f-93ef-9ad10aa19c23",
              "isHook": false,
              "skipped": false
            },
            {
              "title": "Display response error when call api with page is zero",
              "fullTitle": "Check validate fields of API repaymentTransactionList Display response error when call api with page is zero",
              "timedOut": null,
              "duration": 67,
              "state": "passed",
              "speed": "fast",
              "pass": true,
              "fail": false,
              "pending": false,
              "context": null,
              "code": "cy.fixture('lnv/apiRepaymentTransactionList/reqBody/validateFields/pageIsZero.json').then(reqBody => {\n  api.setReqMethod('POST').setReqEndpoint(`${endPoint}${apiPath}`).setReqHeaders().setReqBody(reqBody).sendRequest('response');\n  cy.get('@response').then(res => {\n    cy.log('Status:', res.status);\n    cy.log('Body:', JSON.stringify(res.body));\n    expect(res.status).to.be.oneOf([400, 422]);\n  });\n});",
              "err": {},
              "uuid": "bf4461e0-6644-4eae-a0f8-d413463d8540",
              "parentUUID": "3bcec916-686d-4b9f-93ef-9ad10aa19c23",
              "isHook": false,
              "skipped": false
            },
            {
              "title": "Display response error when call api with page_limit is negative",
              "fullTitle": "Check validate fields of API repaymentTransactionList Display response error when call api with page_limit is negative",
              "timedOut": null,
              "duration": 62,
              "state": "passed",
              "speed": "fast",
              "pass": true,
              "fail": false,
              "pending": false,
              "context": null,
              "code": "cy.fixture('lnv/apiRepaymentTransactionList/reqBody/validateFields/pageLimitIsNegative.json').then(reqBody => {\n  api.setReqMethod('POST').setReqEndpoint(`${endPoint}${apiPath}`).setReqHeaders().setReqBody(reqBody).sendRequest('response');\n  cy.get('@response').then(res => {\n    cy.log('Status:', res.status);\n    cy.log('Body:', JSON.stringify(res.body));\n    expect(res.status).to.be.oneOf([400, 422]);\n  });\n});",
              "err": {},
              "uuid": "f97b6f28-fd22-476e-b351-42869aaf3793",
              "parentUUID": "3bcec916-686d-4b9f-93ef-9ad10aa19c23",
              "isHook": false,
              "skipped": false
            }
          ],
          "suites": [],
          "passes": [
            "0dfc90c8-516e-4140-9a88-30a69611a7e3",
            "75a7b99d-cb5d-4d0c-8414-dd3575eb33d1",
            "e6958904-9e84-4aab-8aca-b425c244e4fe",
            "e9842795-0e05-4c56-a9b0-eab3a02915fa",
            "bf4461e0-6644-4eae-a0f8-d413463d8540",
            "f97b6f28-fd22-476e-b351-42869aaf3793"
          ],
          "failures": [
            "7fd65769-909a-43fb-871e-94e7737e89ab"
          ],
          "pending": [],
          "skipped": [],
          "duration": 630,
          "root": false,
          "rootEmpty": false,
          "_timeout": 2000
        }
      ],
      "passes": [],
      "failures": [],
      "pending": [],
      "skipped": [],
      "duration": 0,
      "root": true,
      "rootEmpty": true,
      "_timeout": 2000
    }
  ],
  "meta": {
    "mocha": {
      "version": "7.2.0"
    },
    "mochawesome": {
      "options": {
        "quiet": false,
        "reportFilename": "mochawesome",
        "saveHtml": false,
        "saveJson": true,
        "consoleReporter": "spec",
        "useInlineDiffs": false,
        "code": true
      },
      "version": "7.1.4"
    },
    "marge": {
      "options": {
        "reportDir": "cypress/reports",
        "overwrite": false,
        "html": false,
        "json": true
      },
      "version": "6.3.2"
    }
  }
}