{
  "stats": {
    "suites": 1,
    "tests": 11,
    "passes": 10,
    "pending": 0,
    "failures": 1,
    "start": "2026-07-17T10:13:36.656Z",
    "end": "2026-07-17T10:14:31.955Z",
    "duration": 55299,
    "testsRegistered": 11,
    "passPercent": 90.9090909090909,
    "pendingPercent": 0,
    "other": 0,
    "hasOther": false,
    "skipped": 0,
    "hasSkipped": false
  },
  "results": [
    {
      "uuid": "e3815876-c567-4d51-82a0-bd46144aacb7",
      "title": "",
      "fullFile": "cypress/e2e/lnv/scfRepayment/repaymentBackdate.cy.js",
      "file": "cypress/e2e/lnv/scfRepayment/repaymentBackdate.cy.js",
      "beforeHooks": [],
      "afterHooks": [],
      "tests": [],
      "suites": [
        {
          "uuid": "7ad04c66-169d-400c-a348-e0d9a59285b2",
          "title": "SCF Backdate Repayment - Full Flow",
          "fullFile": "",
          "file": "",
          "beforeHooks": [],
          "afterHooks": [],
          "tests": [
            {
              "title": "Step 1: Create Drawdown TermLoan & Activate",
              "fullTitle": "SCF Backdate Repayment - Full Flow Step 1: Create Drawdown TermLoan & Activate",
              "timedOut": null,
              "duration": 3301,
              "state": "passed",
              "speed": "fast",
              "pass": true,
              "fail": false,
              "pending": false,
              "context": null,
              "code": "expect(testData, 'Test data should be loaded').to.not.be.undefined;\nconst timestamp = Date.now();\nconst thaiId = generateThaiId();\nconst createTermLoan = testData.CreateTermLoan;\nconst createReqBody = {\n  \"transaction_owner_id\": \"API0002\",\n  \"channel\": \"API\",\n  \"product_id\": 3,\n  \"sub_product_id\": 3,\n  \"registration_id\": thaiId,\n  \"tax_id\": thaiId,\n  \"mobile_no\": \"0970734476\",\n  \"email_address\": \"poovanad.mun@thinkerfint.com\",\n  \"line_id\": \"_Pavin_\",\n  \"landline_phone_no\": \"029282712\",\n  \"landline_phone_no_ext\": \"001,099\",\n  \"first_name_th\": `ถูกหวย${timestamp}`,\n  \"last_name_th\": `แสนล้าน${timestamp}`,\n  \"first_name_en\": `tookhua${timestamp}`,\n  \"last_name_en\": `Saenlan${timestamp}`,\n  \"customer_contract_age\": 23,\n  \"title_id\": 8,\n  \"date_of_birth\": \"03/02/2003\",\n  \"gender_id\": 2,\n  \"nationality_id\": 1,\n  \"nationality_description\": \"nationality_description\",\n  \"place_of_birth\": \"ชลบุรี\",\n  \"marital_status_id\": 2,\n  \"occupation_id\": 13,\n  \"occupation_description\": \"occupation_description\",\n  \"profession_id\": 1,\n  \"profession_description\": \"ร้านโชห่วย\",\n  \"business_code\": \"009010299\",\n  \"biometric_type\": \"\",\n  \"biometric_format\": \"\",\n  \"biometric_data\": \"\",\n  \"source_of_income_country_id\": 1,\n  \"source_of_income_id\": 1,\n  \"monthly_income\": 100000.00,\n  \"other_income\": 50000.00,\n  \"country_id\": 1,\n  \"education_id\": 3,\n  \"residential_id\": 4,\n  \"customer_consent_no\": \"b4882238-65e6-472d-8c02-32a0c112a239\",\n  \"customer_consent_time\": \"2024-10-15T07:00:51.793709Z\",\n  \"contract_content_no\": \"3cb706b5-ae90-4c45-9208-41d0c3cf4ebd\",\n  \"contract_content_data\": \"https://uat-apigw.lendocraft.com/uat/v1/dms/documents/file/3cb706b5-ae90-4c45-9208-41d0c3cf4ebd\",\n  \"contract_signed_time\": \"2024-10-16T12:37:12Z\",\n  \"contract_document_no\": \"6e313875-8ef8-4f14-a34b-97023fadc5bd\",\n  \"contract_document_data\": \"https://uat-apigw.lendocraft.com/uat/v1/dms/documents/file/6e313875-8ef8-4f14-a34b-97023fadc5bd\",\n  \"ip_id\": \"1\",\n  \"customer_address\": [{\n    \"address_type_id\": 1,\n    \"province_id\": 9,\n    \"district_id\": 154,\n    \"sub_district_id\": 971,\n    \"address_no\": \"872/ก21\",\n    \"road\": \"สุขุมวิท333\",\n    \"moo\": \"4\",\n    \"trok\": \"โรงหมู\",\n    \"soi\": \"พานทอง21ก\",\n    \"village_name\": \"เสริมสุข\",\n    \"building_name\": \"A\",\n    \"floor_no\": \"31\",\n    \"zip_code_id\": 1003,\n    \"address_line1\": \"\",\n    \"address_line2\": \"\"\n  }, {\n    \"address_type_id\": 2,\n    \"province_id\": 9,\n    \"district_id\": 154,\n    \"sub_district_id\": 971,\n    \"address_no\": \"11/11\",\n    \"road\": \"สุขุมวิท333\",\n    \"moo\": \"4\",\n    \"trok\": \"โรงหมู\",\n    \"soi\": \"พานทอง21ก\",\n    \"village_name\": \"เสริมสุข\",\n    \"building_name\": \"B\",\n    \"floor_no\": \"4\",\n    \"zip_code_id\": 1003,\n    \"address_line1\": \"\",\n    \"address_line2\": \"\"\n  }, {\n    \"address_type_id\": 3,\n    \"province_id\": 9,\n    \"district_id\": 154,\n    \"sub_district_id\": 971,\n    \"address_no\": \"118/90\",\n    \"road\": \"สุขุมวิท333\",\n    \"moo\": \"4\",\n    \"trok\": \"โรงหมู\",\n    \"soi\": \"พานทอง21ก\",\n    \"village_name\": \"เสริมสุข\",\n    \"building_name\": \"C\",\n    \"floor_no\": \"18\",\n    \"zip_code_id\": 1003,\n    \"address_line1\": \"\",\n    \"address_line2\": \"\"\n  }],\n  \"customer_document\": [{\n    \"document_type\": \"ID Card\",\n    \"doucment_ref_no\": \"DCCIF1023948576\",\n    \"document_country_id\": 1,\n    \"document_issue_date\": \"25/01/2021\",\n    \"document_expiry_date\": \"25/01/2025\"\n  }],\n  \"customer_loan_account\": {\n    \"address_type_id\": 1,\n    \"bank_account_no\": \"6091000820\",\n    \"bank_account_name\": \"นายถูกหวย แสนล้าน\",\n    \"bank_account_bot_bank_code\": \"004\",\n    \"bank_account_bot_bank_name\": \"ธนาคารกสิกรไทย\",\n    \"enable_debit_bank_account\": true,\n    \"contact_name\": \"นายถูกหวย แสนล้าน\",\n    \"mobile_no\": \"0970734476\",\n    \"email_address\": \"poovanad.mun@thinkerfint.com\",\n    \"line_id\": \"_Pavin_\",\n    \"landing_phone_no\": \"029282712-001\",\n    \"loan_purpose_id\": 1,\n    \"application_id\": 999\n  },\n  \"customer_credit_limit\": [{\n    \"index_no\": 1,\n    \"credit_limit_type\": \"Revolving\",\n    \"limit_reference_id\": 1,\n    \"reference_type\": \"Customer\",\n    \"reference_id\": \"0\",\n    \"parent_index\": null,\n    \"level\": 1,\n    \"supplier_branch_id\": null,\n    \"currency_code\": \"THB\",\n    \"original_limit_amount\": 100000.00,\n    \"standard_interest_rate_type\": \"FIXED\",\n    \"floating_interest_rate_type\": \"MRR\",\n    \"floating_spread\": 7.0,\n    \"fixed_interest_rate\": 5.38271\n  }, {\n    \"index_no\": 2,\n    \"credit_limit_type\": \"Non-Revolving\",\n    \"limit_reference_id\": 3,\n    \"reference_type\": \"Product\",\n    \"reference_id\": \"3\",\n    \"parent_index\": 1,\n    \"level\": 2,\n    \"supplier_branch_id\": null,\n    \"currency_code\": \"THB\",\n    \"original_limit_amount\": 100000.00,\n    \"standard_interest_rate_type\": \"FIXED\",\n    \"floating_interest_rate_type\": \"MRR\",\n    \"floating_spread\": 12.36432,\n    \"fixed_interest_rate\": 1.36432\n  }, {\n    \"index_no\": 3,\n    \"credit_limit_type\": \"Non-Revolving\",\n    \"limit_reference_id\": 4,\n    \"reference_type\": \"Sponsor\",\n    \"reference_id\": \"3\",\n    \"parent_index\": 2,\n    \"level\": 3,\n    \"supplier_branch_id\": null,\n    \"currency_code\": \"THB\",\n    \"original_limit_amount\": 100000.00,\n    \"standard_interest_rate_type\": \"FIXED\",\n    \"floating_interest_rate_type\": \"MRR\",\n    \"floating_spread\": 12.0,\n    \"fixed_interest_rate\": 3.36432\n  }, {\n    \"index_no\": 4,\n    \"credit_limit_type\": \"Non-Revolving\",\n    \"limit_reference_id\": 4,\n    \"reference_type\": \"Supplier\",\n    \"reference_id\": \"90001104\",\n    \"parent_index\": 3,\n    \"level\": 4,\n    \"supplier_branch_id\": 3629,\n    \"currency_code\": \"THB\",\n    \"original_limit_amount\": 100000.00,\n    \"standard_interest_rate_type\": \"FIXED\",\n    \"floating_interest_rate_type\": \"MRR\",\n    \"floating_spread\": 25.00000,\n    \"fixed_interest_rate\": 18.7\n  }],\n  \"loan_samsung_detail\": {\n    \"due_day\": createTermLoan.due_day,\n    \"tenor_in_months\": createTermLoan.tenor_in_months,\n    \"interest_per_year\": createTermLoan.interest_per_year,\n    \"total_loan_amount\": createTermLoan.total_loan_amount,\n    \"emi_amount\": 4650.18,\n    \"total_item_count\": 1,\n    \"total_item_price\": createTermLoan.total_item_price,\n    \"total_down_payment\": 0.00,\n    \"total_processing_fee\": createTermLoan.total_processing_fee,\n    \"contact_date\": createTermLoan.contact_date,\n    \"sourcing_program\": \"string\",\n    \"line_items\": [{\n      \"item_description\": \"Samsung Galaxy A55 8/128GB\",\n      \"item_name\": \"Samsung Galaxy A55\",\n      \"item_code\": \"SM-A556E128GB\",\n      \"item_color\": \"Blue\",\n      \"imei_number\": \"356938035643809\",\n      \"serial_number\": \"SN1234567890\",\n      \"product_type\": \"smartphone\",\n      \"item_price\": 40000.00,\n      \"item_down_payment\": 10000.00,\n      \"item_loan_amount\": 30000.00,\n      \"item_type\": \"device\"\n    }, {\n      \"item_description\": \"2Samsung Galaxy A55 8/128GB\",\n      \"item_name\": \"2Samsung Galaxy A55\",\n      \"item_code\": \"2SM-A556E128GB\",\n      \"item_color\": \"2Blue\",\n      \"imei_number\": \"2356938035643809\",\n      \"serial_number\": \"2SN1234567890\",\n      \"product_type\": \"accessory\",\n      \"item_price\": 15000.00,\n      \"item_down_payment\": 0.00,\n      \"item_loan_amount\": 15000.00,\n      \"item_type\": \"accessory\"\n    }, {\n      \"item_description\": \"3Samsung Galaxy A55 8/128GB\",\n      \"item_name\": \"3Samsung Galaxy A55\",\n      \"item_code\": \"3SM-A556E128GB\",\n      \"item_color\": \"3Blue\",\n      \"imei_number\": \"3356938035643809\",\n      \"serial_number\": \"3SN1234567890\",\n      \"product_type\": \"warranty\",\n      \"item_price\": 5000.00,\n      \"item_down_payment\": 0.00,\n      \"item_loan_amount\": 5000.00,\n      \"item_type\": \"warranty\"\n    }]\n  }\n};\ncy.log('Step 1a: Create Drawdown TermLoan');\ncy.log('Request:', JSON.stringify(createReqBody));\napi.setReqMethod('POST').setReqEndpoint(`https://uat-lms-portal.lendocraft.com/api/customer/term-loan/create`).setReqHeaders().setReqBody(createReqBody).sendRequest('createDrawdownResponse');\ncy.get('@createDrawdownResponse').then(res => {\n  cy.log('Create Drawdown Response:', JSON.stringify(res.body));\n  expect(res.status).to.eq(200);\n  expect(res.body.response_code).to.eq(0);\n  cy.log('TermLoan created successfully');\n  // Step 1b: Activate TermLoan\n  cy.log('Step 1b: Activate TermLoan');\n  const activateBody = {\n    \"transaction_owner_id\": \"API0001\",\n    \"channel\": \"API\",\n    \"customer_id\": res.body.data.customer_id,\n    \"loan_account_id\": res.body.data.loan_account_id,\n    \"limit_effective_date\": \"11/12/2025\",\n    \"limit_expiry_date\": \"11/12/2028\"\n  };\n  api.setReqMethod('POST').setReqEndpoint(`https://uat-lms-portal.lendocraft.com/api/customer/term-loan/activate`).setReqHeaders().setReqBody(activateBody).sendRequest('activateResponse');\n  cy.get('@activateResponse').then(activateRes => {\n    cy.log('Activate Response:', JSON.stringify(activateRes.body));\n    expect(activateRes.status).to.eq(200);\n    expect(activateRes.body.response_code).to.eq(0);\n    // Get loan_contract_id, loan_account_id, customer_id from activate response\n    loanContractId = activateRes.body.data.loan_contract_id;\n    loanAccountId = activateRes.body.data.loan_account_id;\n    customerId = activateRes.body.data.customer_id;\n    cy.log('Customer ID:', customerId);\n    cy.log('Loan Account ID:', loanAccountId);\n    cy.log('Loan Contract ID:', loanContractId);\n    cy.log('TermLoan created and activated successfully');\n    // Step 1c: Update effective_date in loan_contract_no table\n    const contractDate = testData.CreateTermLoan.contact_date.replace('T', ' ').replace('+07:00', '');\n    const updateQuery = `UPDATE loan_contract_no SET effective_date='${contractDate}' WHERE loan_contract_id = '${loanContractId}'`;\n    cy.log('Update DB Query:', updateQuery);\n    cy.task('queryDbLNV', updateQuery).then(result => {\n      cy.log('DB Update Result:', JSON.stringify(result));\n      cy.log('loan_contract_no effective_date updated successfully');\n    });\n  });\n});",
              "err": {},
              "uuid": "15afb946-7565-4e5e-bc0a-a0f6fcd522d8",
              "parentUUID": "7ad04c66-169d-400c-a348-e0d9a59285b2",
              "isHook": false,
              "skipped": false
            },
            {
              "title": "Step 2: Calculate Interest & Repayment",
              "fullTitle": "SCF Backdate Repayment - Full Flow Step 2: Calculate Interest & Repayment",
              "timedOut": null,
              "duration": 16580,
              "state": "passed",
              "speed": "slow",
              "pass": true,
              "fail": false,
              "pending": false,
              "context": null,
              "code": "expect(loanContractId, 'Loan Contract ID should be available').to.not.be.undefined;\nconst calIntAndRepay = testData.CalIntAndRepay || [];\n// Process entries strictly sequentially using cy.then() chain\nfunction processEntry(index) {\n  if (index >= calIntAndRepay.length) return; // done\n  const entry = calIntAndRepay[index];\n  // CalInterest\n  if (entry.CalInterest) {\n    cy.log(`[Entry ${index + 1}] Calculate Interest`);\n    const calReqBody = {\n      loan_contract_id: loanContractId,\n      calculate_start_date: extractTemplateValue(entry.CalInterest.reqBody.calculate_start_date),\n      calculate_end_date: extractTemplateValue(entry.CalInterest.reqBody.calculate_end_date)\n    };\n    cy.log('Cal Interest Request:', JSON.stringify(calReqBody));\n    api.setReqMethod('POST').setReqEndpoint(`https://uat-lms-portal.lendocraft.com/api/term-loan/test-interest-cal`).setReqHeadersWithAuth('en_US', makerToken).setReqBody(calReqBody).sendRequest(`calInterest_${index}`);\n    cy.get(`@calInterest_${index}`).then(res => {\n      cy.log(`[Entry ${index + 1}] Cal Interest Response:`, JSON.stringify(res.body));\n      expect(res.status).to.eq(200);\n      expect(res.body.response_code).to.eq(0);\n    });\n    // Calculate wait time: (end_date - start_date) in days * 0.5 sec\n    const startDate = new Date(calReqBody.calculate_start_date);\n    const endDate = new Date(calReqBody.calculate_end_date);\n    const diffDays = Math.ceil((endDate - startDate) / (1000 * 60 * 60 * 24));\n    const waitMs = Math.max(diffDays * 500, 5000); // minimum 5 sec\n    cy.log(`Waiting ${waitMs}ms (${diffDays} days * 0.5s)`);\n    cy.wait(waitMs);\n    // Verify interest calculation in DB\n    // if (entry.CalInterest.expect_result) {\n    //   const expectedPeriod = entry.CalInterest.expect_result.Period;\n    //   const expectedBfInterest = entry.CalInterest.expect_result.bf_interest;\n    //   const expectedDay = entry.CalInterest.expect_result.day;\n    //   const query = `SELECT i.bf_interest, i.day FROM installment_balance i WHERE i.period = ${expectedPeriod} AND i.loan_contract_id = '${loanContractId}'`;\n    //   cy.log('Verify Interest Query:', query);\n    //   cy.task('queryDbLNV', query).then((rows) => {\n    //     expect(rows).to.be.an('array');\n    //     expect(rows.length).to.be.greaterThan(0, 'Should find installment_balance record');\n    //     const row = rows[0];\n    //     cy.log('DB Interest Record:', JSON.stringify(row));\n    //     expect(parseFloat(row.bf_interest)).to.be.closeTo(expectedBfInterest, 0.01,\n    //       `bf_interest should match expected ${expectedBfInterest}`);\n    //     expect(parseInt(row.day)).to.eq(expectedDay,\n    //       `day should match expected ${expectedDay}`);\n    //     cy.log(`[Entry ${index + 1}] Interest verification passed ✓`);\n    //   });\n    // }\n    // Then move to next entry\n    cy.then(() => processEntry(index + 1));\n  }\n  // Repayment\n  else if (entry.Repayment) {\n    cy.log(`[Entry ${index + 1}] Create & Confirm Repayment`);\n    const repaymentAmount = entry.Repayment.reqBody.repayment_amount;\n    const repaymentDate = entry.Repayment.reqBody.repayment_date;\n    const paymentDate = repaymentDate.replace('T', ' ').replace(/\\+.*$/, '');\n    const repayReqBody = {\n      transaction_owner_id: \"API0002\",\n      channel: \"API\",\n      customer_id: customerId,\n      loan_account_id: loanAccountId,\n      loan_contract_id: loanContractId,\n      request_amount: repaymentAmount\n    };\n    cy.log('Create Repayment Request:', JSON.stringify(repayReqBody));\n    api.setReqMethod('POST').setReqEndpoint(`https://uat-lms-portal.lendocraft.com/api/repayment/term-loan/create`).setReqHeaders().setReqBody(repayReqBody).sendRequest(`createRepay_${index}`);\n    cy.get(`@createRepay_${index}`).then(repayRes => {\n      cy.log(`[Entry ${index + 1}] Create Repayment Response:`, JSON.stringify(repayRes.body));\n      expect(repayRes.status).to.eq(200);\n      expect(repayRes.body.response_code).to.eq(0);\n      const repayOrderId = repayRes.body.data.order_no;\n      // Confirm Repayment\n      const confirmBody = {\n        order_id: repayOrderId,\n        invoice_no: repayOrderId,\n        payment_amount: repaymentAmount,\n        payment_date: paymentDate,\n        payment_channel: \"ThaiQR\"\n      };\n      api.setReqMethod('POST').setReqEndpoint(`https://uat-lms-portal.lendocraft.com/api/repayment/term-loan/test-confirm`).setReqHeadersWithAuth('en_US', makerToken).setReqBody(confirmBody).sendRequest(`confirmRepay_${index}`);\n      cy.get(`@confirmRepay_${index}`).then(confirmRes => {\n        cy.log(`[Entry ${index + 1}] Confirm Response:`, JSON.stringify(confirmRes.body));\n        expect(confirmRes.status).to.eq(200);\n        expect(confirmRes.body.response_code).to.eq(0);\n      });\n    });\n    // Then move to next entry after confirm completes\n    cy.then(() => processEntry(index + 1));\n  }\n}\n// Start processing from first entry\nprocessEntry(0);",
              "err": {},
              "uuid": "ebe225ba-c18c-47b6-8b35-7b847abb02bb",
              "parentUUID": "7ad04c66-169d-400c-a348-e0d9a59285b2",
              "isHook": false,
              "skipped": false
            },
            {
              "title": "Step 3: Maker Login",
              "fullTitle": "SCF Backdate Repayment - Full Flow Step 3: Maker Login",
              "timedOut": null,
              "duration": 109,
              "state": "passed",
              "speed": "fast",
              "pass": true,
              "fail": false,
              "pending": false,
              "context": null,
              "code": "const reqBody = {\n  username: Cypress.env('makerUsername'),\n  password: Cypress.env('makerPassword')\n};\napi.setReqMethod('POST').setReqEndpoint(`https://uat-lms-portal.lendocraft.com/api/login`).setReqHeaders().setReqBody(reqBody).sendRequest('makerLoginResponse');\ncy.get('@makerLoginResponse').then(res => {\n  expect(res.status).to.eq(200);\n  expect(res.body.response_code).to.eq(0);\n  expect(res.body.data.jwt_token).to.be.a('string').and.not.be.empty;\n  makerToken = res.body.data.jwt_token;\n  cy.log('Maker login successful');\n});",
              "err": {},
              "uuid": "0d30df76-b434-4cd1-a0d4-34981772655f",
              "parentUUID": "7ad04c66-169d-400c-a348-e0d9a59285b2",
              "isHook": false,
              "skipped": false
            },
            {
              "title": "Step 4: SCF Backdate Calculate",
              "fullTitle": "SCF Backdate Repayment - Full Flow Step 4: SCF Backdate Calculate",
              "timedOut": null,
              "duration": 1923,
              "state": "passed",
              "speed": "fast",
              "pass": true,
              "fail": false,
              "pending": false,
              "context": null,
              "code": "expect(makerToken, 'Maker token should be available').to.not.be.undefined;\nexpect(loanContractId, 'Loan Contract ID should be available').to.not.be.undefined;\nconst scfData = testData.SCF;\nconst calcReqBody = {\n  channel: \"WEB\",\n  transaction_owner_id: \"100\",\n  effective_date: scfData.effective_date,\n  loan_contract_id: loanContractId,\n  calculation_period: 1,\n  need_close_account: false,\n  repayment_amount: scfData.repayment_amount\n};\ncy.log('SCF Calculate Request:', JSON.stringify(calcReqBody));\napi.setReqMethod('POST').setReqEndpoint(`${endPoint}/api/repayment/simple-cash-flow/backdate-calculate`).setReqHeadersWithAuth('en_US', makerToken).setReqBody(calcReqBody).sendRequest('scfCalcResponse');\ncy.get('@scfCalcResponse').then(res => {\n  cy.log('SCF Calculate Response:', JSON.stringify(res.body));\n  expect(res.status).to.eq(200);\n  expect(res.body.response_code).to.eq(0);\n  expect(res.body.data).to.have.property('principle_balance');\n  expect(res.body.data).to.have.property('effective_date_calculation');\n  // Store repayment breakdown from effective_date_calculation for Step 5\n  const calcData = res.body.data.effective_date_calculation;\n  scfCreateReqBody = {\n    interest_amount: parseFloat(calcData.interest_amount) || 0,\n    loan_amount: parseFloat(calcData.loan_amount) || 0,\n    late_charge_amount: parseFloat(calcData.late_charge_amount) || 0,\n    fee_amt: parseFloat(calcData.fee_amt) || 0,\n    total_amount: parseFloat(calcData.total_amount) || 0,\n    pay_off_amount: parseFloat(res.body.data.pay_off_amount) || 0\n  };\n  cy.log('Repayment breakdown:', JSON.stringify(scfCreateReqBody));\n});",
              "err": {},
              "uuid": "65f84362-c548-4658-9e54-a9b51373b3b3",
              "parentUUID": "7ad04c66-169d-400c-a348-e0d9a59285b2",
              "isHook": false,
              "skipped": false
            },
            {
              "title": "Step 5: SCF Create",
              "fullTitle": "SCF Backdate Repayment - Full Flow Step 5: SCF Create",
              "timedOut": null,
              "duration": 2628,
              "state": "passed",
              "speed": "fast",
              "pass": true,
              "fail": false,
              "pending": false,
              "context": null,
              "code": "expect(makerToken, 'Maker token should be available').to.not.be.undefined;\nexpect(scfCreateReqBody, 'SCF calculate data should be available').to.not.be.undefined;\nconst scfData = testData.SCF;\nconst reqBody = {\n  transaction_owner_id: \"100\",\n  channel: \"WEB\",\n  customer_id: customerId,\n  loan_account_id: loanAccountId,\n  loan_contract_id: loanContractId,\n  payment_method_id: 101,\n  repayment_method: \"21\",\n  business_event_id: 11,\n  effective_date: scfData.effective_date,\n  principle_amt: scfCreateReqBody.loan_amount,\n  accrued_int_amt_before_due_date: scfCreateReqBody.interest_amount,\n  accrued_int_amt_after_due_date: 0,\n  penalty_int_amt: scfCreateReqBody.late_charge_amount,\n  fee_amt: scfCreateReqBody.fee_amt,\n  enable_slip: true,\n  is_notify: false,\n  memo: \"TEST\",\n  input_option: \"auto\",\n  need_close_account: true,\n  repayment_amount: scfData.repayment_amount,\n  period: 1,\n  transaction_eff_date: scfData.current_eff_date\n};\ncy.log('SCF Create Request:', JSON.stringify(reqBody));\napi.setReqMethod('POST').setReqEndpoint(`${endPoint}/api/repayment/simple-cash-flow/create`).setReqHeadersWithAuth('en_US', makerToken).setReqBody(reqBody).sendRequest('scfCreateResponse');\ncy.get('@scfCreateResponse').then(res => {\n  cy.log('SCF Create Response:', JSON.stringify(res.body));\n  expect(res.status).to.eq(200);\n  expect(res.body.response_code).to.eq(0);\n  transactionId = res.body.data.transaction_id;\n  referenceLoanNo = res.body.data.reference_loan_no;\n  cy.log('Transaction ID:', transactionId);\n  cy.log('Reference Loan No:', referenceLoanNo);\n});",
              "err": {},
              "uuid": "8f933574-3509-4425-9bf1-ead8b9f48240",
              "parentUUID": "7ad04c66-169d-400c-a348-e0d9a59285b2",
              "isHook": false,
              "skipped": false
            },
            {
              "title": "Step 6: SCF Submit",
              "fullTitle": "SCF Backdate Repayment - Full Flow Step 6: SCF Submit",
              "timedOut": null,
              "duration": 481,
              "state": "passed",
              "speed": "fast",
              "pass": true,
              "fail": false,
              "pending": false,
              "context": null,
              "code": "expect(transactionId, 'Transaction ID should be available').to.not.be.undefined;\nconst reqBody = {\n  channel: 'WEB',\n  transaction_owner_id: '331',\n  transaction_id: Number(transactionId)\n};\napi.setReqMethod('POST').setReqEndpoint(`${endPoint}/api/repayment/simple-cash-flow/submit`).setReqHeadersWithAuth('en_US', makerToken).setReqBody(reqBody).sendRequest('scfSubmitResponse');\ncy.get('@scfSubmitResponse').then(res => {\n  expect(res.status).to.eq(200);\n  expect(res.body.response_code).to.eq(0);\n  cy.log('SCF submitted successfully');\n});",
              "err": {},
              "uuid": "cba85011-1586-4953-baf5-0d05a3f0caf4",
              "parentUUID": "7ad04c66-169d-400c-a348-e0d9a59285b2",
              "isHook": false,
              "skipped": false
            },
            {
              "title": "Step 7: Checker Login",
              "fullTitle": "SCF Backdate Repayment - Full Flow Step 7: Checker Login",
              "timedOut": null,
              "duration": 173,
              "state": "passed",
              "speed": "fast",
              "pass": true,
              "fail": false,
              "pending": false,
              "context": null,
              "code": "expect(Cypress.env('makerUsername')).to.not.eq(Cypress.env('checkerUsername'), 'Maker and Checker must be different users');\nconst reqBody = {\n  username: Cypress.env('checkerUsername'),\n  password: Cypress.env('checkerPassword')\n};\napi.setReqMethod('POST').setReqEndpoint(`https://uat-lms-portal.lendocraft.com/api/login`).setReqHeaders().setReqBody(reqBody).sendRequest('checkerLoginResponse');\ncy.get('@checkerLoginResponse').then(res => {\n  expect(res.status).to.eq(200);\n  expect(res.body.response_code).to.eq(0);\n  expect(res.body.data.jwt_token).to.be.a('string').and.not.be.empty;\n  checkerToken = res.body.data.jwt_token;\n  cy.log('Checker login successful');\n});",
              "err": {},
              "uuid": "7d9a8e0d-de69-4f8b-9b65-3340368771c8",
              "parentUUID": "7ad04c66-169d-400c-a348-e0d9a59285b2",
              "isHook": false,
              "skipped": false
            },
            {
              "title": "Step 8: Check Transaction Detail",
              "fullTitle": "SCF Backdate Repayment - Full Flow Step 8: Check Transaction Detail",
              "timedOut": null,
              "duration": 2631,
              "state": "passed",
              "speed": "fast",
              "pass": true,
              "fail": false,
              "pending": false,
              "context": null,
              "code": "expect(checkerToken, 'Checker token should be available').to.not.be.undefined;\nexpect(transactionId, 'Transaction ID should be available').to.not.be.undefined;\nconst reqBody = {\n  channel: 'WEB',\n  transaction_owner_id: '238',\n  transaction_id: Number(transactionId),\n  reference_loan_no: referenceLoanNo\n};\napi.setReqMethod('POST').setReqEndpoint(`${endPoint}/api/repayment/transaction/search/detail`).setReqHeadersWithAuth('en_US', checkerToken).setReqBody(reqBody).sendRequest('checkDetailResponse');\ncy.get('@checkDetailResponse').then(res => {\n  cy.log('Check Detail Response:', JSON.stringify(res.body));\n  expect(res.status).to.eq(200);\n  expect(res.body.response_code).to.eq(0);\n  cy.log('Transaction detail verified');\n});",
              "err": {},
              "uuid": "68be858f-0eb3-4bee-adb3-069893fcc88e",
              "parentUUID": "7ad04c66-169d-400c-a348-e0d9a59285b2",
              "isHook": false,
              "skipped": false
            },
            {
              "title": "Step 9: SCF Approve",
              "fullTitle": "SCF Backdate Repayment - Full Flow Step 9: SCF Approve",
              "timedOut": null,
              "duration": 24998,
              "state": "passed",
              "speed": "slow",
              "pass": true,
              "fail": false,
              "pending": false,
              "context": null,
              "code": "expect(checkerToken, 'Checker token should be available').to.not.be.undefined;\nexpect(transactionId, 'Transaction ID should be available').to.not.be.undefined;\nexpect(referenceLoanNo, 'Reference Loan No should be available').to.not.be.undefined;\nconst scfData = testData.SCF;\nconst reqBody = {\n  channel: 'WEB',\n  transaction_owner_id: '238',\n  transaction_id: Number(transactionId),\n  reference_loan_no: referenceLoanNo,\n  eff_date: scfData.current_eff_date\n};\napi.setReqMethod('POST').setReqEndpoint(`${endPoint}/api/repayment/simple-cash-flow/approved`).setReqHeadersWithAuth('en_US', checkerToken).setReqBody(reqBody).sendRequest('scfApproveResponse');\ncy.get('@scfApproveResponse').then(res => {\n  cy.log('SCF Approve Response:', JSON.stringify(res.body));\n  expect(res.status).to.eq(200);\n  expect(res.body.response_code).to.eq(0);\n  cy.log('SCF APPROVED successfully ✓');\n});",
              "err": {},
              "uuid": "1d1923e4-5afe-4927-a4d8-554dbef9a16a",
              "parentUUID": "7ad04c66-169d-400c-a348-e0d9a59285b2",
              "isHook": false,
              "skipped": false
            },
            {
              "title": "Step 10: Verify Samsung current schdule Installment Balance Data",
              "fullTitle": "SCF Backdate Repayment - Full Flow Step 10: Verify Samsung current schdule Installment Balance Data",
              "timedOut": null,
              "duration": 412,
              "state": "passed",
              "speed": "fast",
              "pass": true,
              "fail": false,
              "pending": false,
              "context": null,
              "code": "expect(loanContractId, 'Loan Contract ID should be available').to.not.be.undefined;\nconst expectedResults = testData.SCF.expect_result;\nexpect(expectedResults, 'expect_result should be defined').to.be.an('array').and.not.be.empty;\nconst query = `SELECT i.period,i.display_contract_emi ,i.display_interest_until_due_date, i.display_principal_until_due_date,i.display_current_principal_balance FROM installment_balance i WHERE i.loan_contract_id = '${loanContractId}' AND period <> 0  ORDER BY period`;\ncy.log('Installment Balance Query:', query);\ncy.task('queryDbLNV', query).then(rows => {\n  expect(rows).to.be.an('array');\n  expect(rows.length).to.eq(expectedResults.length, `Should have ${expectedResults.length} periods`);\n  expectedResults.forEach(expected => {\n    const row = rows.find(r => parseInt(r.period) === expected.Period);\n    expect(row, `Period ${expected.Period} should exist in DB`).to.not.be.undefined;\n    cy.log(`--- Period ${expected.Period} ---`);\n    // display_contract_emi\n    expect(parseFloat(row.display_contract_emi)).to.be.closeTo(expected.contract_emi, 0.01, `Period ${expected.Period}: display_contract_emi mismatch`);\n    // display_interest_until_due_date\n    expect(parseFloat(row.display_interest_until_due_date)).to.be.closeTo(expected.display_interst, 0.01, `Period ${expected.Period}: display_interest mismatch`);\n    // display_principal_until_due_date\n    expect(parseFloat(row.display_principal_until_due_date)).to.be.closeTo(expected.display_principal, 0.01, `Period ${expected.Period}: display_principal mismatch`);\n    // display_current_principal_balance\n    expect(parseFloat(row.display_current_principal_balance)).to.be.closeTo(expected.display_principal_balance, 0.01, `Period ${expected.Period}: display_principal_balance mismatch`);\n    cy.log(`Period ${expected.Period}: ✓ All values match`);\n  });\n  cy.log('All installment balance periods verified successfully ✓');\n});",
              "err": {},
              "uuid": "ca3e2381-b2c5-4dba-845e-74a71f3105be",
              "parentUUID": "7ad04c66-169d-400c-a348-e0d9a59285b2",
              "isHook": false,
              "skipped": false
            },
            {
              "title": "Step 11: Verify Paid Installment Balance (bf_interest, bf_principal, cf_principal_balance)",
              "fullTitle": "SCF Backdate Repayment - Full Flow Step 11: Verify Paid Installment Balance (bf_interest, bf_principal, cf_principal_balance)",
              "timedOut": null,
              "duration": 468,
              "state": "failed",
              "speed": null,
              "pass": false,
              "fail": true,
              "pending": false,
              "context": null,
              "code": "expect(loanContractId, 'Loan Contract ID should be available').to.not.be.undefined;\nconst expectedResults = testData.SCF.expect_result;\nexpect(expectedResults, 'expect_result should be defined').to.be.an('array').and.not.be.empty;\nconst query = `SELECT i.period, i.day, i.bf_interest, i.bf_principal, i.repayment_amount, i.cf_interest, i.cf_principal, i.cf_principal_balance, i.repayment_status, i.installment_status FROM installment_balance i WHERE i.loan_contract_id = '${loanContractId}' AND period <> 0 AND i.repayment_status IN ('Paid','Advance Paid','Partial Paid') ORDER BY period`;\ncy.log('Paid Installment Balance Query:', query);\ncy.task('queryDbLNV', query).then(rows => {\n  expect(rows).to.be.an('array');\n  cy.log(`Found ${rows.length} paid periods`);\n  rows.forEach(row => {\n    const period = parseInt(row.period);\n    const expected = expectedResults.find(e => e.Period === period);\n    if (expected) {\n      cy.log(`--- Period ${period} (${row.repayment_status}) ---`);\n      // bf_interest: if not Partial Paid, use (bf_interest - cf_interest); if Partial Paid, use bf_interest directly\n      if (row.repayment_status !== 'Partial Paid') {\n        expect(parseFloat(row.bf_interest) - parseFloat(row.cf_interest)).to.be.closeTo(expected.bf_interest, 0.01, `Period ${period}: bf_interest (bf - cf) mismatch`);\n      } else {\n        expect(parseFloat(row.bf_interest)).to.be.closeTo(expected.bf_interest, 0.01, `Period ${period}: bf_interest mismatch`);\n      }\n      // bf_principal\n      expect(parseFloat(row.bf_principal)).to.be.closeTo(expected.bf_principal, 0.01, `Period ${period}: bf_principal mismatch`);\n      // cf_principal_balance\n      expect(parseFloat(row.cf_principal_balance)).to.be.closeTo(expected.cf_pricipal_balance, 0.01, `Period ${period}: cf_principal_balance mismatch`);\n      cy.log(`Period ${period}: ✓ bf_interest, bf_principal, cf_principal_balance match`);\n    }\n  });\n  cy.log('All paid installment balances verified successfully ✓');\n});",
              "err": {
                "message": "AssertionError: Period 1: cf_principal_balance mismatch: expected 76115.535068 to be close to 75230.4739192 +/- 0.01",
                "estack": "AssertionError: Period 1: cf_principal_balance mismatch: expected 76115.535068 to be close to 75230.4739192 +/- 0.01\n    at eval (webpack:///./cypress/e2e/lnv/scfRepayment/repaymentBackdate.cy.js:691:61)\nat Array.forEach (<anonymous>)\n    at Context.eval (webpack:///./cypress/e2e/lnv/scfRepayment/repaymentBackdate.cy.js:670:11)\n    at getRet (http://localhost:56850/__cypress/runner/cypress_runner.js:120444:20)\n    at tryCatcher (http://localhost:56850/__cypress/runner/cypress_runner.js:1777:23)\n    at Promise.attempt.Promise.try (http://localhost:56850/__cypress/runner/cypress_runner.js:4285:29)",
                "diff": null
              },
              "uuid": "7fae8684-3f68-4c8f-81a4-3121ece36c78",
              "parentUUID": "7ad04c66-169d-400c-a348-e0d9a59285b2",
              "isHook": false,
              "skipped": false
            }
          ],
          "suites": [],
          "passes": [
            "15afb946-7565-4e5e-bc0a-a0f6fcd522d8",
            "ebe225ba-c18c-47b6-8b35-7b847abb02bb",
            "0d30df76-b434-4cd1-a0d4-34981772655f",
            "65f84362-c548-4658-9e54-a9b51373b3b3",
            "8f933574-3509-4425-9bf1-ead8b9f48240",
            "cba85011-1586-4953-baf5-0d05a3f0caf4",
            "7d9a8e0d-de69-4f8b-9b65-3340368771c8",
            "68be858f-0eb3-4bee-adb3-069893fcc88e",
            "1d1923e4-5afe-4927-a4d8-554dbef9a16a",
            "ca3e2381-b2c5-4dba-845e-74a71f3105be"
          ],
          "failures": [
            "7fae8684-3f68-4c8f-81a4-3121ece36c78"
          ],
          "pending": [],
          "skipped": [],
          "duration": 53704,
          "root": false,
          "rootEmpty": false,
          "_timeout": 2000
        }
      ],
      "passes": [],
      "failures": [],
      "pending": [],
      "skipped": [],
      "duration": 0,
      "root": true,
      "rootEmpty": true,
      "_timeout": 2000
    }
  ],
  "meta": {
    "mocha": {
      "version": "7.2.0"
    },
    "mochawesome": {
      "options": {
        "quiet": false,
        "reportFilename": "mochawesome",
        "saveHtml": false,
        "saveJson": true,
        "consoleReporter": "spec",
        "useInlineDiffs": false,
        "code": true
      },
      "version": "7.1.4"
    },
    "marge": {
      "options": {
        "reportDir": "cypress/reports",
        "overwrite": false,
        "html": false,
        "json": true
      },
      "version": "6.3.2"
    }
  }
}