{
  "stats": {
    "suites": 1,
    "tests": 4,
    "passes": 3,
    "pending": 0,
    "failures": 1,
    "start": "2026-07-03T07:56:57.828Z",
    "end": "2026-07-03T07:56:58.651Z",
    "duration": 823,
    "testsRegistered": 4,
    "passPercent": 75,
    "pendingPercent": 0,
    "other": 0,
    "hasOther": false,
    "skipped": 0,
    "hasSkipped": false
  },
  "results": [
    {
      "uuid": "f03a75ea-9f61-40b8-8771-466281fa7e8f",
      "title": "",
      "fullFile": "cypress/e2e/lnv/apiRepaymentTransactionList/checkBizLogic.cy.js",
      "file": "cypress/e2e/lnv/apiRepaymentTransactionList/checkBizLogic.cy.js",
      "beforeHooks": [],
      "afterHooks": [],
      "tests": [],
      "suites": [
        {
          "uuid": "5cd143cf-abf2-4a6f-8a9f-518c62485b72",
          "title": "Check business logic of API repaymentTransactionList",
          "fullFile": "",
          "file": "",
          "beforeHooks": [],
          "afterHooks": [],
          "tests": [
            {
              "title": "Display response success when call api with correct data",
              "fullTitle": "Check business logic of API repaymentTransactionList Display response success when call api with correct data",
              "timedOut": null,
              "duration": 288,
              "state": "passed",
              "speed": "fast",
              "pass": true,
              "fail": false,
              "pending": false,
              "context": null,
              "code": "cy.fixture('lnv/apiRepaymentTransactionList/reqBody/bizLogic/success.json').then(reqBody => {\n  api.setReqMethod('POST').setReqEndpoint(`${endPoint}${apiPath}`).setReqHeaders().setReqBody(reqBody).sendRequest('response');\n  cy.get('@response').then(res => {\n    cy.log('Status:', res.status);\n    cy.log('Body:', JSON.stringify(res.body));\n    expect(res.status).to.eq(200);\n    expect(res.body.response_code).to.eq(0);\n    expect(res.body.response_message).to.eq('Success');\n  });\n});",
              "err": {},
              "uuid": "a6652279-42e9-41f3-883c-b81b05887d74",
              "parentUUID": "5cd143cf-abf2-4a6f-8a9f-518c62485b72",
              "isHook": false,
              "skipped": false
            },
            {
              "title": "Display response success with pagination when call api with correct data",
              "fullTitle": "Check business logic of API repaymentTransactionList Display response success with pagination when call api with correct data",
              "timedOut": null,
              "duration": 154,
              "state": "passed",
              "speed": "fast",
              "pass": true,
              "fail": false,
              "pending": false,
              "context": null,
              "code": "cy.fixture('lnv/apiRepaymentTransactionList/reqBody/bizLogic/success.json').then(reqBody => {\n  api.setReqMethod('POST').setReqEndpoint(`${endPoint}${apiPath}`).setReqHeaders().setReqBody(reqBody).sendRequest('response');\n  cy.get('@response').then(res => {\n    expect(res.status).to.eq(200);\n    expect(res.body.response_code).to.eq(0);\n    // Verify pagination structure\n    expect(res.body.pagination).to.have.property('total');\n    expect(res.body.pagination).to.have.property('limit');\n    expect(res.body.pagination).to.have.property('page');\n    expect(res.body.pagination).to.have.property('has_more');\n    expect(res.body.pagination.page).to.eq(reqBody.page);\n    expect(res.body.pagination.limit).to.eq(reqBody.page_limit);\n  });\n});",
              "err": {},
              "uuid": "245abbbd-7db6-4b28-8fae-b2cfbb8fec8c",
              "parentUUID": "5cd143cf-abf2-4a6f-8a9f-518c62485b72",
              "isHook": false,
              "skipped": false
            },
            {
              "title": "Display response success with transactions data structure",
              "fullTitle": "Check business logic of API repaymentTransactionList Display response success with transactions data structure",
              "timedOut": null,
              "duration": 89,
              "state": "passed",
              "speed": "fast",
              "pass": true,
              "fail": false,
              "pending": false,
              "context": null,
              "code": "cy.fixture('lnv/apiRepaymentTransactionList/reqBody/bizLogic/success.json').then(reqBody => {\n  api.setReqMethod('POST').setReqEndpoint(`${endPoint}${apiPath}`).setReqHeaders().setReqBody(reqBody).sendRequest('response');\n  cy.get('@response').then(res => {\n    expect(res.status).to.eq(200);\n    expect(res.body.response_code).to.eq(0);\n    expect(res.body.data).to.have.property('transactions');\n    expect(res.body.data.transactions).to.be.an('array');\n    // If transactions exist, verify structure of first item\n    if (res.body.data.transactions.length > 0) {\n      const txn = res.body.data.transactions[0];\n      expect(txn).to.have.property('transaction_id');\n      expect(txn).to.have.property('customer_id');\n      expect(txn).to.have.property('loan_account_id');\n      expect(txn).to.have.property('order_id');\n      expect(txn).to.have.property('payment_method');\n      expect(txn).to.have.property('request_amount');\n      expect(txn).to.have.property('transaction_status');\n      expect(txn).to.have.property('updated_at');\n      expect(txn).to.have.property('created_at');\n      // Verify filtered by status\n      expect(txn.transaction_status).to.eq('Pending');\n    }\n  });\n});",
              "err": {},
              "uuid": "abd3da33-4fd7-465e-b766-294686d3c1ab",
              "parentUUID": "5cd143cf-abf2-4a6f-8a9f-518c62485b72",
              "isHook": false,
              "skipped": false
            },
            {
              "title": "Display response success when call api with transaction_owner_id does not have data",
              "fullTitle": "Check business logic of API repaymentTransactionList Display response success when call api with transaction_owner_id does not have data",
              "timedOut": null,
              "duration": 171,
              "state": "failed",
              "speed": null,
              "pass": false,
              "fail": true,
              "pending": false,
              "context": null,
              "code": "const reqBody = {\n  transaction_owner_id: 'nonexistent_user_999',\n  channel: 'WEB,API',\n  query_param: {\n    transaction_status: 'Pending',\n    created_at_start: '2026-06-24 00:00:00.000 +0700',\n    created_at_end: '2026-06-24 23:59:59.000 +0700',\n    sort_by: 'updated_time',\n    sort_method: 'DESC'\n  },\n  page: 1,\n  page_limit: 1000\n};\nconsole.log(reqBody);\napi.setReqMethod('POST').setReqEndpoint(`${endPoint}${apiPath}`).setReqHeaders().setReqBody(reqBody).sendRequest('response');\ncy.get('@response').then(res => {\n  expect(res.status).to.eq(200);\n  expect(res.body.response_code).to.eq(0);\n  expect(res.body.data.transactions).to.be.an('array');\n  expect(res.body.data.transactions.length).to.eq(5);\n  expect(res.body.pagination.total).to.eq(0);\n});",
              "err": {
                "message": "AssertionError: expected 5 to equal 0",
                "estack": "AssertionError: expected 5 to equal 0\n    at Context.eval (webpack://automated-test/./cypress/e2e/lnv/apiRepaymentTransactionList/checkBizLogic.cy.js:115:43)\n    at getRet (http://localhost:55287/__cypress/runner/cypress_runner.js:120444:20)\n    at tryCatcher (http://localhost:55287/__cypress/runner/cypress_runner.js:1777:23)\n    at Promise.attempt.Promise.try (http://localhost:55287/__cypress/runner/cypress_runner.js:4285:29)\n    at Context.thenFn (http://localhost:55287/__cypress/runner/cypress_runner.js:120455:66)\n    at Context.then (http://localhost:55287/__cypress/runner/cypress_runner.js:120706:21)",
                "diff": null
              },
              "uuid": "4aca0f97-510b-48dc-b8b1-00d08f2a209e",
              "parentUUID": "5cd143cf-abf2-4a6f-8a9f-518c62485b72",
              "isHook": false,
              "skipped": false
            }
          ],
          "suites": [],
          "passes": [
            "a6652279-42e9-41f3-883c-b81b05887d74",
            "245abbbd-7db6-4b28-8fae-b2cfbb8fec8c",
            "abd3da33-4fd7-465e-b766-294686d3c1ab"
          ],
          "failures": [
            "4aca0f97-510b-48dc-b8b1-00d08f2a209e"
          ],
          "pending": [],
          "skipped": [],
          "duration": 702,
          "root": false,
          "rootEmpty": false,
          "_timeout": 2000
        }
      ],
      "passes": [],
      "failures": [],
      "pending": [],
      "skipped": [],
      "duration": 0,
      "root": true,
      "rootEmpty": true,
      "_timeout": 2000
    }
  ],
  "meta": {
    "mocha": {
      "version": "7.2.0"
    },
    "mochawesome": {
      "options": {
        "quiet": false,
        "reportFilename": "mochawesome",
        "saveHtml": false,
        "saveJson": true,
        "consoleReporter": "spec",
        "useInlineDiffs": false,
        "code": true
      },
      "version": "7.1.4"
    },
    "marge": {
      "options": {
        "reportDir": "cypress/reports",
        "overwrite": false,
        "html": false,
        "json": true
      },
      "version": "6.3.2"
    }
  }
}